Global seed set to 1
########################################
Load pretrained CPC
########################################
Froze EncoderCPC!
DataConfig(train_path='None', val_path='None', test_path='../vap_dataset/data/sliding_test.csv', conf_path=None, flip_channels=True, flip_probability=0.5, mask_vad=True, mask_vad_probability=0.5, batch_size=16, num_workers=24, audio_duration=20)
------------------------------------------------------------
Dataloader
  datasets: ['callhome_jpn']
  type: sliding
  sample_rate: 16000
  audio_mono: False
  audio_duration: 20
  audio_normalize: True
  audio_overlap: 2
  audio_context_duration: 5
  ipu_min_time: 1
  ipu_pause_time: 0.2
  vad_hz: 50
  vad_horizon: 2
  vad_history: True
  vad_history_times: [60, 30, 10, 5]
  batch_size: 4

Traceback (most recent call last):
  File "/data/group1/z40351r/VoiceActivityProjection/vap/train.py", line 529, in <module>
  File "/data/group1/z40351r/VoiceActivityProjection/vap/train.py", line 220, in train
    # Callbacks & Logger
NameError: name 'yaml' is not defined
