Global seed set to 1
########################################
Load pretrained CPC
########################################
Froze EncoderCPC!
DataConfig(train_path='None', val_path='None', test_path='../vap_dataset/data/sliding_test.csv', conf_path=None, flip_channels=True, flip_probability=0.5, mask_vad=True, mask_vad_probability=0.5, batch_size=16, num_workers=24, audio_duration=20)
------------------------------------------------------------
Dataloader
  datasets: ['callhome_jpn']
  type: sliding
  sample_rate: 16000
  audio_mono: False
  audio_duration: 20
  audio_normalize: True
  audio_overlap: 2
  audio_context_duration: 5
  ipu_min_time: 1
  ipu_pause_time: 0.2
  vad_hz: 50
  vad_horizon: 2
  vad_history: True
  vad_history_times: [60, 30, 10, 5]
  batch_size: 4

Traceback (most recent call last):
  File "/data/group1/z40351r/VoiceActivityProjection/vap/train.py", line 529, in <module>
    train()
  File "/data/group1/z40351r/VoiceActivityProjection/vap/train.py", line 220, in train
    yaml.safe_dump(dconf, outfile)
  File "/home/z40351r/anaconda3/envs/vap2/lib/python3.9/site-packages/yaml/__init__.py", line 269, in safe_dump
    return dump_all([data], stream, Dumper=SafeDumper, **kwds)
  File "/home/z40351r/anaconda3/envs/vap2/lib/python3.9/site-packages/yaml/__init__.py", line 241, in dump_all
    dumper.represent(data)
  File "/home/z40351r/anaconda3/envs/vap2/lib/python3.9/site-packages/yaml/representer.py", line 27, in represent
    node = self.represent_data(data)
  File "/home/z40351r/anaconda3/envs/vap2/lib/python3.9/site-packages/yaml/representer.py", line 58, in represent_data
    node = self.yaml_representers[None](self, data)
  File "/home/z40351r/anaconda3/envs/vap2/lib/python3.9/site-packages/yaml/representer.py", line 231, in represent_undefined
    raise RepresenterError("cannot represent an object", data)
yaml.representer.RepresenterError: ('cannot represent an object', DataConfig(train_path='None', val_path='None', test_path='../vap_dataset/data/sliding_test.csv', conf_path=None, flip_channels=True, flip_probability=0.5, mask_vad=True, mask_vad_probability=0.5, batch_size=16, num_workers=24, audio_duration=20))
