Global seed set to 1
########################################
Load pretrained CPC
########################################
Froze EncoderCPC!
------------------------------------------------------------
Dataloader
  datasets: ['callhome_jpn']
  type: sliding
  sample_rate: 16000
  audio_mono: False
  audio_duration: 20
  audio_normalize: True
  audio_overlap: 2
  audio_context_duration: 5
  ipu_min_time: 1
  ipu_pause_time: 0.2
  vad_hz: 50
  vad_horizon: 2
  vad_history: True
  vad_history_times: [60, 30, 10, 5]
  batch_size: 4

Traceback (most recent call last):
  File "/data/group1/z40351r/VoiceActivityProjection/vap/train.py", line 517, in <module>
    train()
  File "/data/group1/z40351r/VoiceActivityProjection/vap/train.py", line 214, in train
    checkpoint_dir = os.path.join(exp_dir, "checkpoints/")
NameError: name 'exp_dir' is not defined
